<?xml version="1.0" encoding="UTF-8"?>
<coverage generated="1717580541001" clover="3.2.0">
  <project timestamp="1717580541001" name="All files">
    <metrics statements="31" coveredstatements="20" conditionals="4" coveredconditionals="3" methods="10" coveredmethods="3" elements="45" coveredelements="26" complexity="0" loc="31" ncloc="31" packages="1" files="1" classes="1"/>
    <file name="Body.js" path="C:\Users\sanch\OneDrive\Desktop\Namaste React\src\Components\Body.js">
      <metrics statements="31" coveredstatements="20" conditionals="4" coveredconditionals="3" methods="10" coveredmethods="3"/>
      <line num="8" count="1" type="stmt"/>
      <line num="11" count="2" type="stmt"/>
      <line num="13" count="2" type="stmt"/>
      <line num="15" count="2" type="stmt"/>
      <line num="17" count="2" type="stmt"/>
      <line num="23" count="2" type="stmt"/>
      <line num="24" count="1" type="stmt"/>
      <line num="25" count="1" type="stmt"/>
      <line num="28" count="2" type="stmt"/>
      <line num="29" count="1" type="stmt"/>
      <line num="33" count="1" type="stmt"/>
      <line num="35" count="1" type="stmt"/>
      <line num="37" count="1" type="stmt"/>
      <line num="41" count="1" type="stmt"/>
      <line num="43" count="1" type="stmt"/>
      <line num="48" count="2" type="stmt"/>
      <line num="50" count="2" type="stmt"/>
      <line num="1409" count="2" type="cond" truecount="1" falsecount="1"/>
      <line num="1410" count="0" type="stmt"/>
      <line num="1412" count="2" type="stmt"/>
      <line num="1414" count="2" type="cond" truecount="2" falsecount="0"/>
      <line num="1426" count="0" type="stmt"/>
      <line num="1432" count="0" type="stmt"/>
      <line num="1433" count="0" type="stmt"/>
      <line num="1434" count="0" type="stmt"/>
      <line num="1438" count="0" type="stmt"/>
      <line num="1448" count="0" type="stmt"/>
      <line num="1449" count="0" type="stmt"/>
      <line num="1451" count="0" type="stmt"/>
      <line num="1462" count="0" type="stmt"/>
      <line num="1468" count="0" type="stmt"/>
    </file>
  </project>
</coverage>
