<?xml version="1.0" encoding="UTF-8"?>
<coverage generated="1717229255027" clover="3.2.0">
  <project timestamp="1717229255028" name="All files">
    <metrics statements="29" coveredstatements="18" conditionals="4" coveredconditionals="3" methods="10" coveredmethods="3" elements="43" coveredelements="24" complexity="0" loc="29" ncloc="29" packages="1" files="1" classes="1"/>
    <file name="Body.js" path="C:\Users\sanch\OneDrive\Desktop\Namaste React\src\Components\Body.js">
      <metrics statements="29" coveredstatements="18" conditionals="4" coveredconditionals="3" methods="10" coveredmethods="3"/>
      <line num="8" count="1" type="stmt"/>
      <line num="10" count="2" type="stmt"/>
      <line num="11" count="2" type="stmt"/>
      <line num="13" count="2" type="stmt"/>
      <line num="19" count="2" type="stmt"/>
      <line num="20" count="1" type="stmt"/>
      <line num="21" count="1" type="stmt"/>
      <line num="24" count="2" type="stmt"/>
      <line num="25" count="1" type="stmt"/>
      <line num="29" count="1" type="stmt"/>
      <line num="31" count="1" type="stmt"/>
      <line num="33" count="1" type="stmt"/>
      <line num="37" count="1" type="stmt"/>
      <line num="39" count="1" type="stmt"/>
      <line num="44" count="2" type="stmt"/>
      <line num="46" count="2" type="cond" truecount="1" falsecount="1"/>
      <line num="47" count="0" type="stmt"/>
      <line num="49" count="2" type="stmt"/>
      <line num="51" count="2" type="cond" truecount="2" falsecount="0"/>
      <line num="62" count="0" type="stmt"/>
      <line num="68" count="0" type="stmt"/>
      <line num="69" count="0" type="stmt"/>
      <line num="70" count="0" type="stmt"/>
      <line num="73" count="0" type="stmt"/>
      <line num="83" count="0" type="stmt"/>
      <line num="84" count="0" type="stmt"/>
      <line num="86" count="0" type="stmt"/>
      <line num="97" count="0" type="stmt"/>
      <line num="103" count="0" type="stmt"/>
    </file>
  </project>
</coverage>
