{"C:\\Users\\sanch\\OneDrive\\Desktop\\Namaste React\\src\\Components\\Body.js": {"path":"C:\\Users\\sanch\\OneDrive\\Desktop\\Namaste React\\src\\Components\\Body.js","statementMap":{"0":{"start":{"line":8,"column":13},"end":{"line":1479,"column":1}},"1":{"start":{"line":11,"column":51},"end":{"line":11,"column":63}},"2":{"start":{"line":13,"column":2},"end":{"line":13,"column":50}},"3":{"start":{"line":15,"column":54},"end":{"line":15,"column":66}},"4":{"start":{"line":17,"column":38},"end":{"line":17,"column":50}},"5":{"start":{"line":23,"column":2},"end":{"line":26,"column":9}},"6":{"start":{"line":24,"column":4},"end":{"line":24,"column":36}},"7":{"start":{"line":25,"column":4},"end":{"line":25,"column":16}},"8":{"start":{"line":28,"column":20},"end":{"line":46,"column":3}},"9":{"start":{"line":29,"column":17},"end":{"line":31,"column":5}},"10":{"start":{"line":33,"column":17},"end":{"line":33,"column":34}},"11":{"start":{"line":35,"column":4},"end":{"line":35,"column":31}},"12":{"start":{"line":37,"column":4},"end":{"line":39,"column":6}},"13":{"start":{"line":41,"column":4},"end":{"line":41,"column":30}},"14":{"start":{"line":43,"column":4},"end":{"line":45,"column":6}},"15":{"start":{"line":48,"column":23},"end":{"line":48,"column":40}},"16":{"start":{"line":50,"column":15},"end":{"line":1407,"column":3}},"17":{"start":{"line":1409,"column":2},"end":{"line":1410,"column":77}},"18":{"start":{"line":1410,"column":4},"end":{"line":1410,"column":77}},"19":{"start":{"line":1412,"column":40},"end":{"line":1412,"column":63}},"20":{"start":{"line":1414,"column":2},"end":{"line":1478,"column":4}},"21":{"start":{"line":1426,"column":14},"end":{"line":1426,"column":44}},"22":{"start":{"line":1432,"column":14},"end":{"line":1432,"column":38}},"23":{"start":{"line":1433,"column":41},"end":{"line":1435,"column":15}},"24":{"start":{"line":1434,"column":16},"end":{"line":1434,"column":78}},"25":{"start":{"line":1438,"column":14},"end":{"line":1438,"column":56}},"26":{"start":{"line":1448,"column":35},"end":{"line":1450,"column":15}},"27":{"start":{"line":1449,"column":25},"end":{"line":1449,"column":47}},"28":{"start":{"line":1451,"column":14},"end":{"line":1451,"column":48}},"29":{"start":{"line":1462,"column":29},"end":{"line":1462,"column":56}},"30":{"start":{"line":1468,"column":10},"end":{"line":1473,"column":17}}},"fnMap":{"0":{"name":"(anonymous_0)","decl":{"start":{"line":8,"column":13},"end":{"line":8,"column":14}},"loc":{"start":{"line":8,"column":19},"end":{"line":1479,"column":1}},"line":8},"1":{"name":"(anonymous_1)","decl":{"start":{"line":23,"column":12},"end":{"line":23,"column":13}},"loc":{"start":{"line":23,"column":18},"end":{"line":26,"column":3}},"line":23},"2":{"name":"(anonymous_2)","decl":{"start":{"line":28,"column":20},"end":{"line":28,"column":21}},"loc":{"start":{"line":28,"column":32},"end":{"line":46,"column":3}},"line":28},"3":{"name":"(anonymous_3)","decl":{"start":{"line":1425,"column":22},"end":{"line":1425,"column":23}},"loc":{"start":{"line":1425,"column":29},"end":{"line":1427,"column":13}},"line":1425},"4":{"name":"(anonymous_4)","decl":{"start":{"line":1431,"column":21},"end":{"line":1431,"column":22}},"loc":{"start":{"line":1431,"column":27},"end":{"line":1439,"column":13}},"line":1431},"5":{"name":"(anonymous_5)","decl":{"start":{"line":1433,"column":53},"end":{"line":1433,"column":54}},"loc":{"start":{"line":1434,"column":16},"end":{"line":1434,"column":78}},"line":1434},"6":{"name":"(anonymous_6)","decl":{"start":{"line":1447,"column":21},"end":{"line":1447,"column":22}},"loc":{"start":{"line":1447,"column":27},"end":{"line":1452,"column":13}},"line":1447},"7":{"name":"(anonymous_7)","decl":{"start":{"line":1449,"column":16},"end":{"line":1449,"column":17}},"loc":{"start":{"line":1449,"column":25},"end":{"line":1449,"column":47}},"line":1449},"8":{"name":"(anonymous_8)","decl":{"start":{"line":1462,"column":22},"end":{"line":1462,"column":23}},"loc":{"start":{"line":1462,"column":29},"end":{"line":1462,"column":56}},"line":1462},"9":{"name":"(anonymous_9)","decl":{"start":{"line":1467,"column":33},"end":{"line":1467,"column":34}},"loc":{"start":{"line":1468,"column":10},"end":{"line":1473,"column":17}},"line":1468}},"branchMap":{"0":{"loc":{"start":{"line":1409,"column":2},"end":{"line":1410,"column":77}},"type":"if","locations":[{"start":{"line":1409,"column":2},"end":{"line":1410,"column":77}},{"start":{},"end":{}}],"line":1409},"1":{"loc":{"start":{"line":1414,"column":9},"end":{"line":1478,"column":3}},"type":"cond-expr","locations":[{"start":{"line":1415,"column":4},"end":{"line":1415,"column":15}},{"start":{"line":1417,"column":4},"end":{"line":1477,"column":10}}],"line":1414}},"s":{"0":1,"1":2,"2":2,"3":2,"4":2,"5":2,"6":1,"7":1,"8":2,"9":1,"10":1,"11":1,"12":1,"13":1,"14":1,"15":2,"16":2,"17":2,"18":0,"19":2,"20":2,"21":0,"22":0,"23":0,"24":0,"25":0,"26":0,"27":0,"28":0,"29":0,"30":0},"f":{"0":2,"1":1,"2":1,"3":0,"4":0,"5":0,"6":0,"7":0,"8":0,"9":0},"b":{"0":[0,2],"1":[1,1]},"_coverageSchema":"1a1c01bbd47fc00a2c39e90264f33305004495a9","hash":"fd404b6cfc25de03492cba566baf2c79da7f8027"}
,"C:\\Users\\sanch\\OneDrive\\Desktop\\Namaste React\\src\\Components\\RestaurantCard.js": {"path":"C:\\Users\\sanch\\OneDrive\\Desktop\\Namaste React\\src\\Components\\RestaurantCard.js","statementMap":{"0":{"start":{"line":3,"column":23},"end":{"line":26,"column":1}},"1":{"start":{"line":4,"column":22},"end":{"line":4,"column":27}},"2":{"start":{"line":6,"column":2},"end":{"line":6,"column":23}},"3":{"start":{"line":12,"column":64},"end":{"line":12,"column":77}},"4":{"start":{"line":13,"column":2},"end":{"line":25,"column":4}}},"fnMap":{"0":{"name":"(anonymous_0)","decl":{"start":{"line":3,"column":23},"end":{"line":3,"column":24}},"loc":{"start":{"line":3,"column":34},"end":{"line":26,"column":1}},"line":3}},"branchMap":{},"s":{"0":2,"1":1,"2":1,"3":1,"4":1},"f":{"0":1},"b":{},"_coverageSchema":"1a1c01bbd47fc00a2c39e90264f33305004495a9","hash":"c48976fbe4456bc986e1ce768b3061a3f80154ac"}
,"C:\\Users\\sanch\\OneDrive\\Desktop\\Namaste React\\src\\Components\\sum.js": {"path":"C:\\Users\\sanch\\OneDrive\\Desktop\\Namaste React\\src\\Components\\sum.js","statementMap":{"0":{"start":{"line":1,"column":19},"end":{"line":3,"column":1}},"1":{"start":{"line":2,"column":2},"end":{"line":2,"column":15}}},"fnMap":{"0":{"name":"(anonymous_0)","decl":{"start":{"line":1,"column":19},"end":{"line":1,"column":20}},"loc":{"start":{"line":1,"column":29},"end":{"line":3,"column":1}},"line":1}},"branchMap":{},"s":{"0":1,"1":1},"f":{"0":1},"b":{},"_coverageSchema":"1a1c01bbd47fc00a2c39e90264f33305004495a9","hash":"8dc79035459e110121de9191eaaa74df13b7ce21"}
}
