{"C:\\Users\\sanch\\OneDrive\\Desktop\\Namaste React\\src\\Components\\Contacts.js": {"path":"C:\\Users\\sanch\\OneDrive\\Desktop\\Namaste React\\src\\Components\\Contacts.js","statementMap":{"0":{"start":{"line":1,"column":16},"end":{"line":22,"column":1}},"1":{"start":{"line":2,"column":2},"end":{"line":21,"column":4}}},"fnMap":{"0":{"name":"(anonymous_0)","decl":{"start":{"line":1,"column":16},"end":{"line":1,"column":17}},"loc":{"start":{"line":1,"column":22},"end":{"line":22,"column":1}},"line":1}},"branchMap":{},"s":{"0":1,"1":2},"f":{"0":2},"b":{},"_coverageSchema":"1a1c01bbd47fc00a2c39e90264f33305004495a9","hash":"e5846f09ca9442eea5df14a6d7cef4de9e3d5f3e"}
,"C:\\Users\\sanch\\OneDrive\\Desktop\\Namaste React\\src\\Components\\sum.js": {"path":"C:\\Users\\sanch\\OneDrive\\Desktop\\Namaste React\\src\\Components\\sum.js","statementMap":{"0":{"start":{"line":1,"column":19},"end":{"line":3,"column":1}},"1":{"start":{"line":2,"column":2},"end":{"line":2,"column":15}}},"fnMap":{"0":{"name":"(anonymous_0)","decl":{"start":{"line":1,"column":19},"end":{"line":1,"column":20}},"loc":{"start":{"line":1,"column":29},"end":{"line":3,"column":1}},"line":1}},"branchMap":{},"s":{"0":1,"1":1},"f":{"0":1},"b":{},"_coverageSchema":"1a1c01bbd47fc00a2c39e90264f33305004495a9","hash":"8dc79035459e110121de9191eaaa74df13b7ce21"}
}
