TN:
SF:src\Components\Contacts.js
FN:1,(anonymous_0)
FNF:1
FNH:1
FNDA:4,(anonymous_0)
DA:1,1
DA:2,4
LF:2
LH:2
BRF:0
BRH:0
end_of_record
TN:
SF:src\Components\Header.js
FN:8,(anonymous_0)
FN:16,(anonymous_1)
FN:49,(anonymous_2)
FNF:3
FNH:3
FNDA:5,(anonymous_0)
FNDA:9,(anonymous_1)
FNDA:1,(anonymous_2)
DA:8,1
DA:9,5
DA:11,5
DA:13,5
DA:16,9
DA:24,5
DA:50,1
LF:7
LH:7
BRDA:31,0,0,5
BRDA:31,0,1,0
BRDA:50,1,0,1
BRDA:50,1,1,0
BRF:4
BRH:2
end_of_record
TN:
SF:src\Components\RestaurantCard.js
FN:3,(anonymous_0)
FNF:1
FNH:1
FNDA:1,(anonymous_0)
DA:3,1
DA:4,1
DA:6,1
DA:12,1
DA:13,1
LF:5
LH:5
BRF:0
BRH:0
end_of_record
TN:
SF:src\Components\Components\Contacts.js
FN:1,(anonymous_0)
FNF:1
FNH:1
FNDA:4,(anonymous_0)
DA:1,1
DA:2,4
LF:2
LH:2
BRF:0
BRH:0
end_of_record
TN:
SF:src\Components\Components\sum.js
FN:1,(anonymous_0)
FNF:1
FNH:1
FNDA:1,(anonymous_0)
DA:1,1
DA:2,1
LF:2
LH:2
BRF:0
BRH:0
end_of_record
TN:
SF:src\Utils\UserContext.js
FNF:0
FNH:0
DA:3,1
LF:1
LH:1
BRF:0
BRH:0
end_of_record
TN:
SF:src\Utils\appStore.js
FNF:0
FNH:0
DA:4,1
LF:1
LH:1
BRF:0
BRH:0
end_of_record
TN:
SF:src\Utils\cartSlice.js
FN:9,(anonymous_0)
FN:12,(anonymous_1)
FN:15,(anonymous_2)
FNF:3
FNH:0
FNDA:0,(anonymous_0)
FNDA:0,(anonymous_1)
FNDA:0,(anonymous_2)
DA:3,1
DA:10,0
DA:13,0
DA:17,0
DA:21,1
LF:5
LH:2
BRF:0
BRH:0
end_of_record
TN:
SF:src\Utils\constant.js
FNF:0
FNH:0
DA:2,2
DA:5,2
DA:8,2
LF:3
LH:3
BRF:0
BRH:0
end_of_record
TN:
SF:src\Utils\useOnlineStatus.js
FN:3,(anonymous_0)
FN:6,(anonymous_1)
FN:7,(anonymous_2)
FN:11,(anonymous_3)
FNF:4
FNH:2
FNDA:5,(anonymous_0)
FNDA:4,(anonymous_1)
FNDA:0,(anonymous_2)
FNDA:0,(anonymous_3)
DA:3,1
DA:4,5
DA:6,5
DA:7,4
DA:8,0
DA:11,4
DA:12,0
DA:15,5
LF:8
LH:6
BRF:0
BRH:0
end_of_record
