TN:
SF:src\Components\Body.js
FN:8,(anonymous_0)
FN:19,(anonymous_1)
FN:24,(anonymous_2)
FN:61,(anonymous_3)
FN:67,(anonymous_4)
FN:69,(anonymous_5)
FN:82,(anonymous_6)
FN:84,(anonymous_7)
FN:97,(anonymous_8)
FN:102,(anonymous_9)
FNF:10
FNH:3
FNDA:2,(anonymous_0)
FNDA:1,(anonymous_1)
FNDA:1,(anonymous_2)
FNDA:0,(anonymous_3)
FNDA:0,(anonymous_4)
FNDA:0,(anonymous_5)
FNDA:0,(anonymous_6)
FNDA:0,(anonymous_7)
FNDA:0,(anonymous_8)
FNDA:0,(anonymous_9)
DA:8,1
DA:10,2
DA:11,2
DA:13,2
DA:19,2
DA:20,1
DA:21,1
DA:24,2
DA:25,1
DA:29,1
DA:31,1
DA:33,1
DA:37,1
DA:39,1
DA:44,2
DA:46,2
DA:47,0
DA:49,2
DA:51,2
DA:62,0
DA:68,0
DA:69,0
DA:70,0
DA:73,0
DA:83,0
DA:84,0
DA:86,0
DA:97,0
DA:103,0
LF:29
LH:18
BRDA:46,0,0,0
BRDA:46,0,1,2
BRDA:51,1,0,1
BRDA:51,1,1,1
BRF:4
BRH:3
end_of_record
